[GIN-debug] [WARNING] Creating an Engine instance with the Logger and Recovery middleware already attached.

[GIN-debug] [WARNING] Running in "debug" mode. Switch to "release" mode in production.
 - using env:	export GIN_MODE=release
 - using code:	gin.SetMode(gin.ReleaseMode)

[GIN-debug] GET    /public/*filepath         --> github.com/gin-gonic/gin.(*RouterGroup).createStaticHandler.func1 (4 handlers)
[GIN-debug] HEAD   /public/*filepath         --> github.com/gin-gonic/gin.(*RouterGroup).createStaticHandler.func1 (4 handlers)
[GIN-debug] POST   /login                    --> gitlab.com/petruskuswandi1/final-project-golang-batch-52/app/http/controllers.Login (4 handlers)
[GIN-debug] GET    /users/paginate           --> gitlab.com/petruskuswandi1/final-project-golang-batch-52/app/http/controllers.GetUserPaginate (4 handlers)
[GIN-debug] GET    /users                    --> gitlab.com/petruskuswandi1/final-project-golang-batch-52/app/http/controllers.GetAllUser (4 handlers)
[GIN-debug] POST   /users                    --> gitlab.com/petruskuswandi1/final-project-golang-batch-52/app/http/controllers.Store (4 handlers)
[GIN-debug] GET    /user/:id                 --> gitlab.com/petruskuswandi1/final-project-golang-batch-52/app/http/controllers.GetById (4 handlers)
[GIN-debug] PATCH  /user/:id                 --> gitlab.com/petruskuswandi1/final-project-golang-batch-52/app/http/controllers.UpdateById (4 handlers)
[GIN-debug] DELETE /user/:id                 --> gitlab.com/petruskuswandi1/final-project-golang-batch-52/app/http/controllers.DeleteById (4 handlers)
[GIN-debug] GET    /books                    --> gitlab.com/petruskuswandi1/final-project-golang-batch-52/app/http/controllers.GetAllBook (4 handlers)
[GIN-debug] POST   /file                     --> gitlab.com/petruskuswandi1/final-project-golang-batch-52/app/http/controllers.HandleUploadFile (5 handlers)
[GIN-debug] POST   /file/middleware          --> gitlab.com/petruskuswandi1/final-project-golang-batch-52/app/http/controllers.SendStatus (6 handlers)
[GIN-debug] DELETE /file/:filename           --> gitlab.com/petruskuswandi1/final-project-golang-batch-52/app/http/controllers.HandleRemoveFile (5 handlers)
[GIN-debug] [WARNING] You trusted all proxies, this is NOT safe. We recommend you to set a value.
Please check https://pkg.go.dev/github.com/gin-gonic/gin#readme-don-t-trust-all-proxies for details.
[GIN-debug] Environment variable PORT is undefined. Using port :8080 by default
[GIN-debug] Listening and serving HTTP on :8080
[GIN] 2024/01/04 - 11:43:59 | 200 |     14.7956ms |             ::1 | GET      "/user/1"
[GIN] 2024/01/04 - 11:44:00 | 404 |            0s |             ::1 | GET      "/"
[GIN] 2024/01/04 - 11:44:01 | 404 |            0s |             ::1 | GET      "/favicon.ico"
[GIN] 2024/01/04 - 11:44:21 | 200 |       2.678ms |             ::1 | GET      "/users"
[GIN] 2024/01/04 - 11:44:52 | 200 |       1.925ms |             ::1 | GET      "/users"
[GIN-debug] [WARNING] Creating an Engine instance with the Logger and Recovery middleware already attached.

[GIN-debug] [WARNING] Running in "debug" mode. Switch to "release" mode in production.
 - using env:	export GIN_MODE=release
 - using code:	gin.SetMode(gin.ReleaseMode)

[GIN-debug] GET    /public/*filepath         --> github.com/gin-gonic/gin.(*RouterGroup).createStaticHandler.func1 (4 handlers)
[GIN-debug] HEAD   /public/*filepath         --> github.com/gin-gonic/gin.(*RouterGroup).createStaticHandler.func1 (4 handlers)
[GIN-debug] POST   /login                    --> gitlab.com/petruskuswandi1/final-project-golang-batch-52/app/http/controllers.Login (4 handlers)
[GIN-debug] GET    /users/paginate           --> gitlab.com/petruskuswandi1/final-project-golang-batch-52/app/http/controllers.GetUserPaginate (4 handlers)
[GIN-debug] GET    /users                    --> gitlab.com/petruskuswandi1/final-project-golang-batch-52/app/http/controllers.GetAllUser (4 handlers)
[GIN-debug] POST   /users                    --> gitlab.com/petruskuswandi1/final-project-golang-batch-52/app/http/controllers.Store (4 handlers)
[GIN-debug] GET    /user/:id                 --> gitlab.com/petruskuswandi1/final-project-golang-batch-52/app/http/controllers.GetById (4 handlers)
[GIN-debug] PATCH  /user/:id                 --> gitlab.com/petruskuswandi1/final-project-golang-batch-52/app/http/controllers.UpdateById (4 handlers)
[GIN-debug] DELETE /user/:id                 --> gitlab.com/petruskuswandi1/final-project-golang-batch-52/app/http/controllers.DeleteById (4 handlers)
[GIN-debug] GET    /books                    --> gitlab.com/petruskuswandi1/final-project-golang-batch-52/app/http/controllers.GetAllBook (4 handlers)
[GIN-debug] POST   /file                     --> gitlab.com/petruskuswandi1/final-project-golang-batch-52/app/http/controllers.HandleUploadFile (5 handlers)
[GIN-debug] POST   /file/middleware          --> gitlab.com/petruskuswandi1/final-project-golang-batch-52/app/http/controllers.SendStatus (6 handlers)
[GIN-debug] DELETE /file/:filename           --> gitlab.com/petruskuswandi1/final-project-golang-batch-52/app/http/controllers.HandleRemoveFile (5 handlers)
[GIN-debug] [WARNING] You trusted all proxies, this is NOT safe. We recommend you to set a value.
Please check https://pkg.go.dev/github.com/gin-gonic/gin#readme-don-t-trust-all-proxies for details.
[GIN-debug] Environment variable PORT is undefined. Using port :8080 by default
[GIN-debug] Listening and serving HTTP on :8080
